<?xml version="1.0" encoding="UTF-8"?>
<testng-results ignored="0" total="2" passed="2" failed="0" skipped="0">
  <reporter-output>
  </reporter-output>
  <suite started-at="2020-10-06T08:33:50Z" name="Suite" finished-at="2020-10-06T08:34:32Z" duration-ms="41884">
    <groups>
    </groups>
    <test started-at="2020-10-06T08:33:50Z" name="Chrome Test" finished-at="2020-10-06T08:34:14Z" duration-ms="24516">
      <class name="com.atmecs.testscripts.ChatClass">
        <test-method is-config="true" signature="browserSetUp(java.lang.String)[pri:0, instance:com.atmecs.testscripts.ChatClass@d706f19]" started-at="2020-10-06T08:33:51Z" name="browserSetUp" finished-at="2020-10-06T08:34:00Z" duration-ms="9936" status="PASS">
          <params>
            <param index="0">
              <value>
                <![CDATA[chrome]]>
              </value>
            </param>
          </params>
          <reporter-output>
          </reporter-output>
        </test-method> <!-- browserSetUp -->
        <test-method signature="startChat(java.lang.String, java.lang.String, java.lang.String)[pri:0, instance:com.atmecs.testscripts.ChatClass@d706f19]" started-at="2020-10-06T08:34:00Z" name="startChat" data-provider="Data" finished-at="2020-10-06T08:34:13Z" duration-ms="12741" status="PASS">
          <params>
            <param index="0">
              <value>
                <![CDATA[Abuthahir]]>
              </value>
            </param>
            <param index="1">
              <value>
                <![CDATA[xyz@gmail.com]]>
              </value>
            </param>
            <param index="2">
              <value>
                <![CDATA[7845130611]]>
              </value>
            </param>
          </params>
          <reporter-output>
          </reporter-output>
        </test-method> <!-- startChat -->
        <test-method is-config="true" signature="closeBrowser()[pri:0, instance:com.atmecs.testscripts.ChatClass@d706f19]" started-at="2020-10-06T08:34:13Z" name="closeBrowser" finished-at="2020-10-06T08:34:14Z" duration-ms="1180" status="PASS">
          <reporter-output>
          </reporter-output>
        </test-method> <!-- closeBrowser -->
      </class> <!-- com.atmecs.testscripts.ChatClass -->
    </test> <!-- Chrome Test -->
    <test started-at="2020-10-06T08:33:50Z" name="Firefox Test" finished-at="2020-10-06T08:34:32Z" duration-ms="41884">
      <class name="com.atmecs.testscripts.ChatClass">
        <test-method is-config="true" signature="browserSetUp(java.lang.String)[pri:0, instance:com.atmecs.testscripts.ChatClass@6a01e23]" started-at="2020-10-06T08:33:51Z" name="browserSetUp" finished-at="2020-10-06T08:34:18Z" duration-ms="27691" status="PASS">
          <params>
            <param index="0">
              <value>
                <![CDATA[firefox]]>
              </value>
            </param>
          </params>
          <reporter-output>
          </reporter-output>
        </test-method> <!-- browserSetUp -->
        <test-method signature="startChat(java.lang.String, java.lang.String, java.lang.String)[pri:0, instance:com.atmecs.testscripts.ChatClass@6a01e23]" started-at="2020-10-06T08:34:18Z" name="startChat" data-provider="Data" finished-at="2020-10-06T08:34:30Z" duration-ms="11912" status="PASS">
          <params>
            <param index="0">
              <value>
                <![CDATA[Abuthahir]]>
              </value>
            </param>
            <param index="1">
              <value>
                <![CDATA[xyz@gmail.com]]>
              </value>
            </param>
            <param index="2">
              <value>
                <![CDATA[7845130611]]>
              </value>
            </param>
          </params>
          <reporter-output>
          </reporter-output>
        </test-method> <!-- startChat -->
        <test-method is-config="true" signature="closeBrowser()[pri:0, instance:com.atmecs.testscripts.ChatClass@6a01e23]" started-at="2020-10-06T08:34:30Z" name="closeBrowser" finished-at="2020-10-06T08:34:32Z" duration-ms="1626" status="PASS">
          <reporter-output>
          </reporter-output>
        </test-method> <!-- closeBrowser -->
      </class> <!-- com.atmecs.testscripts.ChatClass -->
    </test> <!-- Firefox Test -->
  </suite> <!-- Suite -->
</testng-results>
