<?xml version="1.0" encoding="UTF-8"?>
<testng-results ignored="0" total="1" passed="1" failed="0" skipped="0">
  <reporter-output>
  </reporter-output>
  <suite started-at="2020-09-29T04:26:41Z" name="Default suite" finished-at="2020-09-29T04:27:01Z" duration-ms="19840">
    <groups>
    </groups>
    <test started-at="2020-09-29T04:26:41Z" name="Default test" finished-at="2020-09-29T04:27:01Z" duration-ms="19840">
      <class name="com.atmecs.testscripts.ChatClass">
        <test-method is-config="true" signature="browserSetUp()[pri:0, instance:com.atmecs.testscripts.ChatClass@a4102b8]" started-at="2020-09-29T04:26:42Z" name="browserSetUp" finished-at="2020-09-29T04:26:50Z" duration-ms="8367" status="PASS">
          <reporter-output>
          </reporter-output>
        </test-method> <!-- browserSetUp -->
        <test-method signature="startChat(java.lang.String, java.lang.String, java.lang.String)[pri:0, instance:com.atmecs.testscripts.ChatClass@a4102b8]" started-at="2020-09-29T04:26:50Z" name="startChat" data-provider="Data" finished-at="2020-09-29T04:27:01Z" duration-ms="10696" status="PASS">
          <params>
            <param index="0">
              <value>
                <![CDATA[Abuthahir]]>
              </value>
            </param>
            <param index="1">
              <value>
                <![CDATA[xyz@gmail.com]]>
              </value>
            </param>
            <param index="2">
              <value>
                <![CDATA[7845130611]]>
              </value>
            </param>
          </params>
          <reporter-output>
          </reporter-output>
        </test-method> <!-- startChat -->
        <test-method is-config="true" signature="closeBrowser()[pri:0, instance:com.atmecs.testscripts.ChatClass@a4102b8]" started-at="2020-09-29T04:27:01Z" name="closeBrowser" finished-at="2020-09-29T04:27:01Z" duration-ms="110" status="PASS">
          <reporter-output>
          </reporter-output>
        </test-method> <!-- closeBrowser -->
      </class> <!-- com.atmecs.testscripts.ChatClass -->
    </test> <!-- Default test -->
  </suite> <!-- Default suite -->
</testng-results>
